
=== Fri Jul 26 17:08:14 2024

Packages were changed.
Update Mode: updateDependencies

The following packages were added:
  com.unity.ai.navigation@1.1.5
The following packages were updated:
  com.unity.ide.visualstudio from version 2.0.17 to 2.0.22
  com.unity.timeline from version 1.6.4 to 1.7.6

=== Fri Jan  3 23:11:20 2025

Packages were changed.
Update Mode: updateDependencies

The following packages were updated:
  com.unity.textmeshpro from version 3.0.6 to 3.0.7

=== Sun Jul  6 13:16:10 2025

Packages were changed.
Update Mode: updateDependencies

The following packages were updated:
  com.unity.ai.navigation from version 1.1.5 to 1.1.6
  com.unity.ide.rider from version 3.0.31 to 3.0.36
  com.unity.timeline from version 1.7.6 to 1.7.7
